<?xml version="1.0" encoding="UTF-8"?>
<testsuite name="org.example.TestParser" tests="1" skipped="0" failures="0" errors="0" timestamp="2020-05-16T09:34:24" hostname="keishis-iMac.local" time="0.018">
  <properties/>
  <testcase name="testLetStatement" classname="org.example.TestParser" time="0.018"/>
  <system-out><![CDATA[]]></system-out>
  <system-err><![CDATA[]]></system-err>
</testsuite>
